<?xml version="1.0" encoding="UTF-8"?>
<!-- Generated by org.testng.reporters.JUnitReportReporter -->
<testsuite hostname="Ebinesar" failures="0" tests="1" name="com.simplilearn.demo.Lesson2_Automate_WebApplication.OracleRegistration" time="16.537" errors="0" timestamp="2022-10-03T15:00:39 IST" skipped="0">
  <testcase classname="com.simplilearn.demo.Lesson2_Automate_WebApplication.OracleRegistration" name="oracleRegistration" time="16.537"/>
  <system-out/>
</testsuite> <!-- com.simplilearn.demo.Lesson2_Automate_WebApplication.OracleRegistration -->
