<?xml version="1.0" encoding="UTF-8"?>
<!-- Generated by org.testng.reporters.JUnitReportReporter -->
<testsuite hostname="Ebinesar" failures="0" tests="7" name="com.simplilearn.demo.FlipkartTest" time="49.652" errors="0" timestamp="2022-10-11T09:49:22 IST" skipped="0">
  <testcase classname="com.simplilearn.demo.FlipkartTest" name="closeLogin" time="1.204"/>
  <system-out/>
  <testcase classname="com.simplilearn.demo.FlipkartTest" name="scroll" time="6.096"/>
  <system-out/>
  <testcase classname="com.simplilearn.demo.FlipkartTest" name="searchProduct" time="5.546"/>
  <system-out/>
  <testcase classname="com.simplilearn.demo.FlipkartTest" name="loadImage" time="25.094"/>
  <system-out/>
  <testcase classname="com.simplilearn.demo.FlipkartTest" name="scrollFrequency" time="2.072"/>
  <system-out/>
  <testcase classname="com.simplilearn.demo.FlipkartTest" name="downloadImages" time="0.029"/>
  <system-out/>
  <testcase classname="com.simplilearn.demo.FlipkartTest" name="screenResolution" time="9.611"/>
  <system-out/>
</testsuite> <!-- com.simplilearn.demo.FlipkartTest -->
