<?xml version="1.0" encoding="UTF-8"?>
<!-- Generated by org.testng.reporters.JUnitReportReporter -->
<testsuite hostname="Ebinesar" failures="0" tests="7" name="com.simplilearn.demo.FlipkartTestChrome" time="35.250" errors="0" timestamp="2022-10-11T10:33:11 IST" skipped="0">
  <testcase classname="com.simplilearn.demo.FlipkartTestChrome" name="closeLogin" time="1.226"/>
  <system-out/>
  <testcase classname="com.simplilearn.demo.FlipkartTestChrome" name="scroll" time="6.105"/>
  <system-out/>
  <testcase classname="com.simplilearn.demo.FlipkartTestChrome" name="searchProduct" time="5.528"/>
  <system-out/>
  <testcase classname="com.simplilearn.demo.FlipkartTestChrome" name="loadImage" time="12.630"/>
  <system-out/>
  <testcase classname="com.simplilearn.demo.FlipkartTestChrome" name="scrollFrequency" time="2.081"/>
  <system-out/>
  <testcase classname="com.simplilearn.demo.FlipkartTestChrome" name="downloadImages" time="0.046"/>
  <system-out/>
  <testcase classname="com.simplilearn.demo.FlipkartTestChrome" name="screenResolution" time="7.634"/>
  <system-out/>
</testsuite> <!-- com.simplilearn.demo.FlipkartTestChrome -->
