<?xml version="1.0" encoding="UTF-8"?>
<!-- Generated by org.testng.reporters.JUnitReportReporter -->
<testsuite hostname="Ebinesar" failures="0" tests="7" name="com.simplilearn.demo.FlipkartTestEdge" time="34.800" errors="0" timestamp="2022-10-11T10:33:11 IST" skipped="0">
  <testcase classname="com.simplilearn.demo.FlipkartTestEdge" name="closeLogin" time="1.221"/>
  <system-out/>
  <testcase classname="com.simplilearn.demo.FlipkartTestEdge" name="scroll" time="6.119"/>
  <system-out/>
  <testcase classname="com.simplilearn.demo.FlipkartTestEdge" name="searchProduct" time="5.528"/>
  <system-out/>
  <testcase classname="com.simplilearn.demo.FlipkartTestEdge" name="loadImage" time="12.203"/>
  <system-out/>
  <testcase classname="com.simplilearn.demo.FlipkartTestEdge" name="scrollFrequency" time="2.070"/>
  <system-out/>
  <testcase classname="com.simplilearn.demo.FlipkartTestEdge" name="downloadImages" time="0.029"/>
  <system-out/>
  <testcase classname="com.simplilearn.demo.FlipkartTestEdge" name="screenResolution" time="7.630"/>
  <system-out/>
</testsuite> <!-- com.simplilearn.demo.FlipkartTestEdge -->
